<?xml version="1.0" encoding="UTF-8"?>
<!-- Generated by org.testng.reporters.JUnitReportReporter -->
<testsuite hostname="LAPTOP-8LQ1C4T7" failures="0" tests="1" name="com.Facebook.qa.testcases.LogInPageTest" time="4.383" errors="0" timestamp="2022-11-21T20:12:48 IST" skipped="0">
  <testcase classname="com.Facebook.qa.testcases.LogInPageTest" name="loginTest" time="4.383"/>
  <system-out/>
</testsuite> <!-- com.Facebook.qa.testcases.LogInPageTest -->
