<?xml version="1.0" encoding="UTF-8"?>
<!-- Generated by org.testng.reporters.JUnitReportReporter -->
<testsuite hostname="LAPTOP-8LQ1C4T7" failures="0" tests="1" name="com.Facebook.qa.testcases.HomePageTest" time="9.585" errors="0" timestamp="2022-11-21T20:12:19 IST" skipped="0">
  <testcase classname="com.Facebook.qa.testcases.HomePageTest" name="addpictureTest" time="9.585"/>
  <system-out/>
</testsuite> <!-- com.Facebook.qa.testcases.HomePageTest -->
